[Logger] All output is being saved to: C:\Users\Rose J Thachil\Desktop\8th_sem_project\results\stratified_loso\run_20260429_130336.log
=================================================================
 LOSO + INNER StratifiedKFold PIPELINE
 Evaluation uses LOSO (subject-independent validation)
=================================================================
[1] Loading data from C:\Users\Rose J Thachil\Desktop\8th_sem_project\ambica_project\processed_data ...
   Clean samples: 37575  |  Classes: [0 1 2 3]

======================================================================
  LOSO TRIAL 01/15  |  Test subject=0  |  Train=35070 samples  Test=2505 samples
======================================================================
  Training MLP for subject 00 ...
    Subject 00  MLP  ->  Accuracy: 0.4962
  Training DNN for subject 00 ...
    Subject 00  DNN  ->  Accuracy: 0.4715
  Training Attention for subject 00 ...
    Subject 00  Attention  ->  Accuracy: 0.5102
  Training Hybrid for subject 00 ...
    Subject 00  Hybrid  ->  Accuracy: 0.5182
  Training Decision Fusion for subject 00 ...
    Subject 00  Decision Fusion  ->  Accuracy: 0.5269

======================================================================
  LOSO TRIAL 02/15  |  Test subject=1  |  Train=35070 samples  Test=2505 samples
======================================================================
  Training MLP for subject 01 ...
    Subject 01  MLP  ->  Accuracy: 0.3621
  Training DNN for subject 01 ...
    Subject 01  DNN  ->  Accuracy: 0.5293
  Training Attention for subject 01 ...
    Subject 01  Attention  ->  Accuracy: 0.4012
  Training Hybrid for subject 01 ...
    Subject 01  Hybrid  ->  Accuracy: 0.4487
  Training Decision Fusion for subject 01 ...
    Subject 01  Decision Fusion  ->  Accuracy: 0.5413

======================================================================
  LOSO TRIAL 03/15  |  Test subject=2  |  Train=35070 samples  Test=2505 samples
======================================================================
  Training MLP for subject 02 ...
    Subject 02  MLP  ->  Accuracy: 0.4535
  Training DNN for subject 02 ...
    Subject 02  DNN  ->  Accuracy: 0.4475
  Training Attention for subject 02 ...
    Subject 02  Attention  ->  Accuracy: 0.4303
  Training Hybrid for subject 02 ...
    Subject 02  Hybrid  ->  Accuracy: 0.4575
  Training Decision Fusion for subject 02 ...
    Subject 02  Decision Fusion  ->  Accuracy: 0.5102

======================================================================
  LOSO TRIAL 04/15  |  Test subject=3  |  Train=35070 samples  Test=2505 samples
======================================================================
  Training MLP for subject 03 ...
    Subject 03  MLP  ->  Accuracy: 0.4591
  Training DNN for subject 03 ...
    Subject 03  DNN  ->  Accuracy: 0.4120
  Training Attention for subject 03 ...
    Subject 03  Attention  ->  Accuracy: 0.4862
  Training Hybrid for subject 03 ...
    Subject 03  Hybrid  ->  Accuracy: 0.4858
  Training Decision Fusion for subject 03 ...
    Subject 03  Decision Fusion  ->  Accuracy: 0.4675

======================================================================
  LOSO TRIAL 05/15  |  Test subject=4  |  Train=35070 samples  Test=2505 samples
======================================================================
  Training MLP for subject 04 ...
    Subject 04  MLP  ->  Accuracy: 0.5585
  Training DNN for subject 04 ...
    Subject 04  DNN  ->  Accuracy: 0.4902
  Training Attention for subject 04 ...
    Subject 04  Attention  ->  Accuracy: 0.4511
  Training Hybrid for subject 04 ...
    Subject 04  Hybrid  ->  Accuracy: 0.5186
  Training Decision Fusion for subject 04 ...
    Subject 04  Decision Fusion  ->  Accuracy: 0.5210

======================================================================
  LOSO TRIAL 06/15  |  Test subject=5  |  Train=35070 samples  Test=2505 samples
======================================================================
  Training MLP for subject 05 ...
    Subject 05  MLP  ->  Accuracy: 0.3309
  Training DNN for subject 05 ...
    Subject 05  DNN  ->  Accuracy: 0.3289
  Training Attention for subject 05 ...
    Subject 05  Attention  ->  Accuracy: 0.2739
  Training Hybrid for subject 05 ...
    Subject 05  Hybrid  ->  Accuracy: 0.2810
  Training Decision Fusion for subject 05 ...
    Subject 05  Decision Fusion  ->  Accuracy: 0.4539

======================================================================
  LOSO TRIAL 07/15  |  Test subject=6  |  Train=35070 samples  Test=2505 samples
======================================================================
  Training MLP for subject 06 ...
    Subject 06  MLP  ->  Accuracy: 0.4387
  Training DNN for subject 06 ...
    Subject 06  DNN  ->  Accuracy: 0.4172
  Training Attention for subject 06 ...
    Subject 06  Attention  ->  Accuracy: 0.4307
  Training Hybrid for subject 06 ...
    Subject 06  Hybrid  ->  Accuracy: 0.4507
  Training Decision Fusion for subject 06 ...
    Subject 06  Decision Fusion  ->  Accuracy: 0.5717

======================================================================
  LOSO TRIAL 08/15  |  Test subject=7  |  Train=35070 samples  Test=2505 samples
======================================================================
  Training MLP for subject 07 ...
    Subject 07  MLP  ->  Accuracy: 0.3868
  Training DNN for subject 07 ...
    Subject 07  DNN  ->  Accuracy: 0.4012
  Training Attention for subject 07 ...
    Subject 07  Attention  ->  Accuracy: 0.3329
  Training Hybrid for subject 07 ...
    Subject 07  Hybrid  ->  Accuracy: 0.3521
  Training Decision Fusion for subject 07 ...
    Subject 07  Decision Fusion  ->  Accuracy: 0.4782

======================================================================
  LOSO TRIAL 09/15  |  Test subject=8  |  Train=35070 samples  Test=2505 samples
======================================================================
  Training MLP for subject 08 ...
    Subject 08  MLP  ->  Accuracy: 0.5246
  Training DNN for subject 08 ...
